<?xml version="1.0" encoding="UTF-8"?>
<!-- Generated by org.testng.reporters.JUnitReportReporter -->
<testsuite hostname="mfv-computer-0163â€™" name="com.CucumberCraft.TestNGrunners.TestRunner" tests="1" failures="0" timestamp="30 Aug 2022 15:19:46 GMT" time="152.598" errors="0">
  <testcase name="Smoke Test on Web - feature - " time="152.598" classname="com.CucumberCraft.TestNGrunners.TestRunner"/>
</testsuite> <!-- com.CucumberCraft.TestNGrunners.TestRunner -->
